<?xml version="1.0" encoding="UTF-8"?>
<!-- Generated by org.testng.reporters.JUnitReportReporter -->
<testsuite hostname="LAPTOP-HK24KG04" failures="0" tests="1" name="Project.AddEditEmployeeDetails.EmployeeDetails$LoginTest" time="65.101" errors="0" timestamp="2021-03-05T17:45:54 IST" skipped="0">
  <testcase classname="Project.AddEditEmployeeDetails.EmployeeDetails$LoginTest" name="LoginOrangeHRM" time="65.101"/>
  <system-out/>
</testsuite> <!-- Project.AddEditEmployeeDetails.EmployeeDetails$LoginTest -->
